Using pre-set license
Built from '2020.3/staging' branch; Version is '2020.3.16f1 (049d6eca3c44) revision 302446'; Using compiler version '192528614'; Build Type 'Release'
OS: 'Windows 10 Enterprise; OS build 19041.1288; Version 2004; 64bit' Language: 'en' Physical Memory: 16212 MB
BatchMode: 1, IsHumanControllingUs: 0, StartBugReporterOnCrash: 0, Is64bit: 1, IsPro: 0

 COMMAND LINE ARGUMENTS:
C:\Program Files\Unity\Hub\Editor\2020.3.16f1\Editor\Unity.exe
-adb2
-batchMode
-noUpm
-name
AssetImportWorker0
-projectPath
C:/Users/cpizzimen/Documents/INTRO GAME DEV/FroggerRemake
-logFile
Logs/AssetImportWorker0.log
-srvPort
58806
Successfully changed project path to: C:/Users/cpizzimen/Documents/INTRO GAME DEV/FroggerRemake
C:/Users/cpizzimen/Documents/INTRO GAME DEV/FroggerRemake
Using Asset Import Pipeline V2.
Refreshing native plugins compatible for Editor in 68.07 ms, found 2 plugins.
Preloading 0 native plugins for Editor in 0.00 ms.
Initialize engine version: 2020.3.16f1 (049d6eca3c44)
[Subsystems] Discovering subsystems at path C:/Program Files/Unity/Hub/Editor/2020.3.16f1/Editor/Data/Resources/UnitySubsystems
[Subsystems] Discovering subsystems at path C:/Users/cpizzimen/Documents/INTRO GAME DEV/FroggerRemake/Assets
GfxDevice: creating device client; threaded=0
Direct3D:
    Version:  Direct3D 11.0 [level 11.1]
    Renderer: Intel(R) UHD Graphics 620 (ID=0x5917)
    Vendor:   
    VRAM:     8106 MB
    Driver:   24.20.100.6290
Initialize mono
Mono path[0] = 'C:/Program Files/Unity/Hub/Editor/2020.3.16f1/Editor/Data/Managed'
Mono path[1] = 'C:/Program Files/Unity/Hub/Editor/2020.3.16f1/Editor/Data/MonoBleedingEdge/lib/mono/unityjit'
Mono config path = 'C:/Program Files/Unity/Hub/Editor/2020.3.16f1/Editor/Data/MonoBleedingEdge/etc'
Using monoOptions --debugger-agent=transport=dt_socket,embedding=1,server=y,suspend=n,address=127.0.0.1:56340
Begin MonoManager ReloadAssembly
Registering precompiled unity dll's ...
Register platform support module: C:/Program Files/Unity/Hub/Editor/2020.3.16f1/Editor/Data/PlaybackEngines/WebGLSupport/UnityEditor.WebGL.Extensions.dll
Register platform support module: C:/Program Files/Unity/Hub/Editor/2020.3.16f1/Editor/Data/PlaybackEngines/WindowsStandaloneSupport/UnityEditor.WindowsStandalone.Extensions.dll
Registered in 0.007642 seconds.
Native extension for WindowsStandalone target not found
Native extension for WebGL target not found
Refreshing native plugins compatible for Editor in 110.84 ms, found 2 plugins.
Preloading 0 native plugins for Editor in 0.00 ms.
Mono: successfully reloaded assembly
- Completed reload, in  5.501 seconds
Domain Reload Profiling:
	ReloadAssembly (5502ms)
		BeginReloadAssembly (345ms)
			ExecutionOrderSort (0ms)
			DisableScriptedObjects (0ms)
			BackupInstance (0ms)
			ReleaseScriptingObjects (0ms)
			CreateAndSetChildDomain (1ms)
		EndReloadAssembly (839ms)
			LoadAssemblies (341ms)
			RebuildTransferFunctionScriptingTraits (0ms)
			SetupTypeCache (254ms)
			ReleaseScriptCaches (0ms)
			RebuildScriptCaches (53ms)
			SetupLoadedEditorAssemblies (412ms)
				LogAssemblyErrors (0ms)
				InitializePlatformSupportModulesInManaged (10ms)
				SetLoadedEditorAssemblies (0ms)
				RefreshPlugins (111ms)
				BeforeProcessingInitializeOnLoad (50ms)
				ProcessInitializeOnLoadAttributes (178ms)
				ProcessInitializeOnLoadMethodAttributes (63ms)
				AfterProcessingInitializeOnLoad (0ms)
				EditorAssembliesLoaded (0ms)
			ExecutionOrderSort2 (0ms)
			AwakeInstancesAfterBackupRestoration (0ms)
Platform modules already initialized, skipping
Registering precompiled user dll's ...
Registered in 0.020918 seconds.
Begin MonoManager ReloadAssembly
Native extension for WindowsStandalone target not found
Native extension for WebGL target not found
Refreshing native plugins compatible for Editor in 0.71 ms, found 2 plugins.
Preloading 0 native plugins for Editor in 0.00 ms.
Mono: successfully reloaded assembly
- Completed reload, in  3.511 seconds
Domain Reload Profiling:
	ReloadAssembly (3513ms)
		BeginReloadAssembly (498ms)
			ExecutionOrderSort (0ms)
			DisableScriptedObjects (11ms)
			BackupInstance (0ms)
			ReleaseScriptingObjects (0ms)
			CreateAndSetChildDomain (37ms)
		EndReloadAssembly (2722ms)
			LoadAssemblies (255ms)
			RebuildTransferFunctionScriptingTraits (0ms)
			SetupTypeCache (646ms)
			ReleaseScriptCaches (1ms)
			RebuildScriptCaches (86ms)
			SetupLoadedEditorAssemblies (1642ms)
				LogAssemblyErrors (0ms)
				InitializePlatformSupportModulesInManaged (10ms)
				SetLoadedEditorAssemblies (1ms)
				RefreshPlugins (1ms)
				BeforeProcessingInitializeOnLoad (447ms)
				ProcessInitializeOnLoadAttributes (1158ms)
				ProcessInitializeOnLoadMethodAttributes (9ms)
				AfterProcessingInitializeOnLoad (16ms)
				EditorAssembliesLoaded (0ms)
			ExecutionOrderSort2 (0ms)
			AwakeInstancesAfterBackupRestoration (10ms)
Platform modules already initialized, skipping
========================================================================
Worker process is ready to serve import requests
Launched and connected shader compiler UnityShaderCompiler.exe after 0.17 seconds
Refreshing native plugins compatible for Editor in 0.60 ms, found 2 plugins.
Preloading 0 native plugins for Editor in 0.00 ms.
Unloading 1405 Unused Serialized files (Serialized files now loaded: 0)
System memory in use before: 65.1 MB.
System memory in use after: 65.2 MB.

Unloading 18 unused Assets to reduce memory usage. Loaded Objects now: 1838.
Total: 6.222400 ms (FindLiveObjects: 0.330400 ms CreateObjectMapping: 0.135100 ms MarkObjects: 5.622200 ms  DeleteObjects: 0.132900 ms)

AssetImportParameters requested are different than current active one (requested -> active):
  custom:framework-win-MediaFoundation: 216162199b28c13a410421893ffa2e32 -> 
  custom:video-decoder-ogg-theora: a1e56fd34408186e4bbccfd4996cb3dc -> 
  custom:container-muxer-webm: aa71ff27fc2769a1b78a27578f13a17b -> 
  custom:container-demuxer-webm: 4f35f7cbe854078d1ac9338744f61a02 -> 
  custom:container-demuxer-ogg: 62fdf1f143b41e24485cea50d1cbac27 -> 
  custom:video-encoder-webm-vp8: eb34c28f22e8b96e1ab97ce403110664 -> 
  custom:video-decoder-webm-vp8: 9c59270c3fd7afecdb556c50c9e8de78 -> 
  custom:audio-decoder-ogg-vorbis: bf7c407c2cedff20999df2af8eb42d56 -> 
  custom:audio-encoder-webm-vorbis: bf7c407c2cedff20999df2af8eb42d56 -> 
========================================================================
Received Import Request.
  path: Assets/models/Materials/cube2.mat
  artifactKey: Guid(45feabd026cb1dc488d679ec30582b53) Importer(815301076,1909f56bfc062723c751e8b465ee728b)
Start importing Assets/models/Materials/cube2.mat using Guid(45feabd026cb1dc488d679ec30582b53) Importer(815301076,1909f56bfc062723c751e8b465ee728b)  -> (artifact id: '5000f9d3a2425212b511035838baa6e8') in 0.576653 seconds 
  Import took 0.580999 seconds .

========================================================================
Received Import Request.
  Time since last request: 0.000651 seconds.
  path: Assets/models/Materials 1/eh.mat
  artifactKey: Guid(1db2d13d71bcd8e4ba9bfee7e49d1848) Importer(815301076,1909f56bfc062723c751e8b465ee728b)
Start importing Assets/models/Materials 1/eh.mat using Guid(1db2d13d71bcd8e4ba9bfee7e49d1848) Importer(815301076,1909f56bfc062723c751e8b465ee728b)  -> (artifact id: '2a93e2207aa7411fc0d0e5eb21b50c6f') in 0.025444 seconds 
  Import took 0.030171 seconds .

========================================================================
Received Import Request.
  Time since last request: 0.000558 seconds.
  path: Assets/models/Materials 1/char.mat
  artifactKey: Guid(fe2e5185af1c06c42bfd16ae326d86ed) Importer(815301076,1909f56bfc062723c751e8b465ee728b)
Start importing Assets/models/Materials 1/char.mat using Guid(fe2e5185af1c06c42bfd16ae326d86ed) Importer(815301076,1909f56bfc062723c751e8b465ee728b)  -> (artifact id: '25bbd7344dbc6944f2519dba09085bbf') in 0.019870 seconds 
  Import took 0.023660 seconds .

========================================================================
Received Import Request.
  Time since last request: 0.000389 seconds.
  path: Assets/models/Materials 1/grass.mat
  artifactKey: Guid(49d8c3cf0628259408491629375013c8) Importer(815301076,1909f56bfc062723c751e8b465ee728b)
Start importing Assets/models/Materials 1/grass.mat using Guid(49d8c3cf0628259408491629375013c8) Importer(815301076,1909f56bfc062723c751e8b465ee728b)  -> (artifact id: '821a84d3d13568c75eaad78e9aeb347f') in 0.020065 seconds 
  Import took 0.023677 seconds .

========================================================================
Received Import Request.
  Time since last request: 0.000451 seconds.
  path: Assets/models/Materials/flower.mat
  artifactKey: Guid(0bd9039f51db941458977a4067b1ea20) Importer(815301076,1909f56bfc062723c751e8b465ee728b)
Start importing Assets/models/Materials/flower.mat using Guid(0bd9039f51db941458977a4067b1ea20) Importer(815301076,1909f56bfc062723c751e8b465ee728b)  -> (artifact id: 'a27da011b6473d4f3c31b6f8e8906b87') in 0.027740 seconds 
  Import took 0.031932 seconds .

========================================================================
Received Import Request.
  Time since last request: 0.000533 seconds.
  path: Assets/models/Materials/char.mat
  artifactKey: Guid(08e8f9fde54755a4e98feddba4681e9e) Importer(815301076,1909f56bfc062723c751e8b465ee728b)
Start importing Assets/models/Materials/char.mat using Guid(08e8f9fde54755a4e98feddba4681e9e) Importer(815301076,1909f56bfc062723c751e8b465ee728b)  -> (artifact id: '5c50a5f00f459841e479b4e3d80b5384') in 0.028321 seconds 
  Import took 0.031993 seconds .

========================================================================
Received Import Request.
  Time since last request: 0.000437 seconds.
  path: Assets/models/Materials/Tree Leaves.mat
  artifactKey: Guid(882441d7a44148a4381f08cbeb348f1a) Importer(815301076,1909f56bfc062723c751e8b465ee728b)
Start importing Assets/models/Materials/Tree Leaves.mat using Guid(882441d7a44148a4381f08cbeb348f1a) Importer(815301076,1909f56bfc062723c751e8b465ee728b)  -> (artifact id: '47c7c042f15c789c22c315e97e64cec0') in 0.021664 seconds 
  Import took 0.025595 seconds .

========================================================================
Received Import Request.
  Time since last request: 0.000483 seconds.
  path: Assets/models/smallHill.FBX
  artifactKey: Guid(646ca81bd27d4d044bff8185e112643a) Importer(815301076,1909f56bfc062723c751e8b465ee728b)
Start importing Assets/models/smallHill.FBX using Guid(646ca81bd27d4d044bff8185e112643a) Importer(815301076,1909f56bfc062723c751e8b465ee728b)  -> (artifact id: '2c805064115cf148c908d4485aa7f7ae') in 0.103343 seconds 
  Import took 0.110451 seconds .

========================================================================
Received Import Request.
  Time since last request: 0.000762 seconds.
  path: Assets/physics/bounce.physicMaterial
  artifactKey: Guid(2d38e13bf2b17a949b8b664c91118584) Importer(815301076,1909f56bfc062723c751e8b465ee728b)
Start importing Assets/physics/bounce.physicMaterial using Guid(2d38e13bf2b17a949b8b664c91118584) Importer(815301076,1909f56bfc062723c751e8b465ee728b)  -> (artifact id: '5b9e6c7c6299968fc02946b2f41d6197') in 0.017972 seconds 
  Import took 0.025313 seconds .

========================================================================
Received Import Request.
  Time since last request: 0.000772 seconds.
  path: Assets/models/Materials/Rocks_3.mat
  artifactKey: Guid(397bf03242ed98a4291bab38f962f3ba) Importer(815301076,1909f56bfc062723c751e8b465ee728b)
Start importing Assets/models/Materials/Rocks_3.mat using Guid(397bf03242ed98a4291bab38f962f3ba) Importer(815301076,1909f56bfc062723c751e8b465ee728b)  -> (artifact id: '1cafeb300eba792f05662b3aaa58a62a') in 0.044229 seconds 
  Import took 0.051555 seconds .

========================================================================
Received Import Request.
  Time since last request: 0.000817 seconds.
  path: Assets/models/Materials 1/cube2.mat
  artifactKey: Guid(55a24c98d58576e46ad6541e3236fe5a) Importer(815301076,1909f56bfc062723c751e8b465ee728b)
Start importing Assets/models/Materials 1/cube2.mat using Guid(55a24c98d58576e46ad6541e3236fe5a) Importer(815301076,1909f56bfc062723c751e8b465ee728b)  -> (artifact id: 'd6bbc9b61db10f7e50b27622f8f1d907') in 0.036834 seconds 
  Import took 0.043603 seconds .

========================================================================
Received Import Request.
  Time since last request: 0.000782 seconds.
  path: Assets/models/Materials 1/EnvBranch_1.mat
  artifactKey: Guid(943969f5caba63d48a15cd9f03be4a91) Importer(815301076,1909f56bfc062723c751e8b465ee728b)
Start importing Assets/models/Materials 1/EnvBranch_1.mat using Guid(943969f5caba63d48a15cd9f03be4a91) Importer(815301076,1909f56bfc062723c751e8b465ee728b)  -> (artifact id: '612d782451be9c4edb4ba28701722ec4') in 0.039199 seconds 
  Import took 0.050256 seconds .

========================================================================
Received Import Request.
  Time since last request: 0.001177 seconds.
  path: Assets/models/Materials 1/Tree Leaves.mat
  artifactKey: Guid(e7143f4e84b66604c8ffff6eeafb3692) Importer(815301076,1909f56bfc062723c751e8b465ee728b)
Start importing Assets/models/Materials 1/Tree Leaves.mat using Guid(e7143f4e84b66604c8ffff6eeafb3692) Importer(815301076,1909f56bfc062723c751e8b465ee728b)  -> (artifact id: '88b0d96ad230c8f4c9d1b1b7db92a7d1') in 0.027795 seconds 
  Import took 0.037828 seconds .

========================================================================
Received Import Request.
  Time since last request: 0.000604 seconds.
  path: Assets/models/Materials 1/Rocks_3.mat
  artifactKey: Guid(9709dce6faaffc7408b1dce991dc3221) Importer(815301076,1909f56bfc062723c751e8b465ee728b)
Start importing Assets/models/Materials 1/Rocks_3.mat using Guid(9709dce6faaffc7408b1dce991dc3221) Importer(815301076,1909f56bfc062723c751e8b465ee728b)  -> (artifact id: '2d1f1ce676a726326fb96edbb96ceeae') in 0.033593 seconds 
  Import took 0.040800 seconds .

========================================================================
Received Import Request.
  Time since last request: 0.000509 seconds.
  path: Assets/models/Mushroom.fbx
  artifactKey: Guid(85c929d133abbd24399a27366c32a3d0) Importer(815301076,1909f56bfc062723c751e8b465ee728b)
Start importing Assets/models/Mushroom.fbx using Guid(85c929d133abbd24399a27366c32a3d0) Importer(815301076,1909f56bfc062723c751e8b465ee728b)  -> (artifact id: '5917778102b0a76edd5bfd65b6aef07d') in 0.057079 seconds 
  Import took 0.064724 seconds .

========================================================================
Received Import Request.
  Time since last request: 0.000609 seconds.
  path: Assets/models/Materials 1/sun.mat
  artifactKey: Guid(669d7c7ac83e62548a431daba2f45572) Importer(815301076,1909f56bfc062723c751e8b465ee728b)
Start importing Assets/models/Materials 1/sun.mat using Guid(669d7c7ac83e62548a431daba2f45572) Importer(815301076,1909f56bfc062723c751e8b465ee728b)  -> (artifact id: '1521543d87510cf8b86500c04973d40a') in 0.033948 seconds 
  Import took 0.041299 seconds .

========================================================================
Received Import Request.
  Time since last request: 0.000939 seconds.
  path: Assets/models/Rock.fbx
  artifactKey: Guid(09cab63a018a4f8489656b7dc422900f) Importer(815301076,1909f56bfc062723c751e8b465ee728b)
Start importing Assets/models/Rock.fbx using Guid(09cab63a018a4f8489656b7dc422900f) Importer(815301076,1909f56bfc062723c751e8b465ee728b)  -> (artifact id: '55d043c3289340b2da9a559ed767c458') in 0.054719 seconds 
  Import took 0.062213 seconds .

========================================================================
Received Import Request.
  Time since last request: 0.000551 seconds.
  path: Assets/models/Materials 1/BUSH.mat
  artifactKey: Guid(f01e09928dc069a438ffe7e8132dfce3) Importer(815301076,1909f56bfc062723c751e8b465ee728b)
Start importing Assets/models/Materials 1/BUSH.mat using Guid(f01e09928dc069a438ffe7e8132dfce3) Importer(815301076,1909f56bfc062723c751e8b465ee728b)  -> (artifact id: 'fc62503e85ebbab67626aeb2411df0eb') in 0.031538 seconds 
  Import took 0.038838 seconds .

========================================================================
Received Import Request.
  Time since last request: 0.000509 seconds.
  path: Assets/models/Materials 1/house.mat
  artifactKey: Guid(a2c748bc050c7bb4299c5af28bb9c4ab) Importer(815301076,1909f56bfc062723c751e8b465ee728b)
Start importing Assets/models/Materials 1/house.mat using Guid(a2c748bc050c7bb4299c5af28bb9c4ab) Importer(815301076,1909f56bfc062723c751e8b465ee728b)  -> (artifact id: '5a075d5a28b5aff1015ffc503f023e3c') in 0.020633 seconds 
  Import took 0.025202 seconds .

========================================================================
Received Import Request.
  Time since last request: 0.000579 seconds.
  path: Assets/models/Materials 1/cube.mat
  artifactKey: Guid(acc024ba7128d094db1300344f87845f) Importer(815301076,1909f56bfc062723c751e8b465ee728b)
Start importing Assets/models/Materials 1/cube.mat using Guid(acc024ba7128d094db1300344f87845f) Importer(815301076,1909f56bfc062723c751e8b465ee728b)  -> (artifact id: 'dfef73effaac0a3b000fcc72df3f7b4b') in 0.026454 seconds 
  Import took 0.031548 seconds .

========================================================================
Received Import Request.
  Time since last request: 0.000579 seconds.
  path: Assets/models/EnvBranch.fbx
  artifactKey: Guid(34afb5622941266489de702bf44f34b9) Importer(815301076,1909f56bfc062723c751e8b465ee728b)
Start importing Assets/models/EnvBranch.fbx using Guid(34afb5622941266489de702bf44f34b9) Importer(815301076,1909f56bfc062723c751e8b465ee728b)  -> (artifact id: '760d3f21521b98b60a26c5394c5c6d6a') in 0.037269 seconds 
  Import took 0.043842 seconds .

========================================================================
Received Import Request.
  Time since last request: 0.000509 seconds.
  path: Assets/models/Materials/EnvBranch_1.mat
  artifactKey: Guid(7551410585f254d44a9b1f2806d0848b) Importer(815301076,1909f56bfc062723c751e8b465ee728b)
Start importing Assets/models/Materials/EnvBranch_1.mat using Guid(7551410585f254d44a9b1f2806d0848b) Importer(815301076,1909f56bfc062723c751e8b465ee728b)  -> (artifact id: 'eb47b269a15cdb0638970a08d452e847') in 0.024503 seconds 
  Import took 0.029958 seconds .

========================================================================
Received Import Request.
  Time since last request: 0.000589 seconds.
  path: Assets/models/Materials 1/MushroomPileus.mat
  artifactKey: Guid(2b6136498de57854c8d9c2288ae3ff7a) Importer(815301076,1909f56bfc062723c751e8b465ee728b)
Start importing Assets/models/Materials 1/MushroomPileus.mat using Guid(2b6136498de57854c8d9c2288ae3ff7a) Importer(815301076,1909f56bfc062723c751e8b465ee728b)  -> (artifact id: 'ca59199b250a32d5a487c91cdcf5b93b') in 0.032639 seconds 
  Import took 0.037480 seconds .

========================================================================
Received Import Request.
  Time since last request: 0.000567 seconds.
  path: Assets/models/Materials 1/crate.mat
  artifactKey: Guid(700a5d221357e844e8e472efcfdecba2) Importer(815301076,1909f56bfc062723c751e8b465ee728b)
Start importing Assets/models/Materials 1/crate.mat using Guid(700a5d221357e844e8e472efcfdecba2) Importer(815301076,1909f56bfc062723c751e8b465ee728b)  -> (artifact id: '404a165129060951386871e144f2ecb3') in 0.027939 seconds 
  Import took 0.032749 seconds .

========================================================================
Received Import Request.
  Time since last request: 0.000576 seconds.
  path: Assets/models/LP_Crate.fbx
  artifactKey: Guid(82855c8db45d4f144a687a264e56344f) Importer(815301076,1909f56bfc062723c751e8b465ee728b)
Start importing Assets/models/LP_Crate.fbx using Guid(82855c8db45d4f144a687a264e56344f) Importer(815301076,1909f56bfc062723c751e8b465ee728b)  -> (artifact id: '0ff992774ccba765a92dc713623e45ce') in 0.041677 seconds 
  Import took 0.047105 seconds .

========================================================================
Received Import Request.
  Time since last request: 0.000608 seconds.
  path: Assets/models/Materials/dots.mat
  artifactKey: Guid(e3053dfd93f2c5f4cb27901a7d6ff3f5) Importer(815301076,1909f56bfc062723c751e8b465ee728b)
Start importing Assets/models/Materials/dots.mat using Guid(e3053dfd93f2c5f4cb27901a7d6ff3f5) Importer(815301076,1909f56bfc062723c751e8b465ee728b)  -> (artifact id: '009888e98845ab8dfff03a1e2d0896a0') in 0.021795 seconds 
  Import took 0.032703 seconds .

========================================================================
Received Import Request.
  Time since last request: 0.000550 seconds.
  path: Assets/models/Materials 1/dots.mat
  artifactKey: Guid(ceeb18f1fe40adb499a42083bbd3427c) Importer(815301076,1909f56bfc062723c751e8b465ee728b)
Start importing Assets/models/Materials 1/dots.mat using Guid(ceeb18f1fe40adb499a42083bbd3427c) Importer(815301076,1909f56bfc062723c751e8b465ee728b)  -> (artifact id: '3c4d4c2c6ca571e2e9877593e88e1c0e') in 0.019759 seconds 
  Import took 0.024253 seconds .

========================================================================
Received Import Request.
  Time since last request: 0.002314 seconds.
  path: Assets/models/Materials/grass.mat
  artifactKey: Guid(db976d7997bb6ac4797dbd2d4ceeadb0) Importer(815301076,1909f56bfc062723c751e8b465ee728b)
Start importing Assets/models/Materials/grass.mat using Guid(db976d7997bb6ac4797dbd2d4ceeadb0) Importer(815301076,1909f56bfc062723c751e8b465ee728b)  -> (artifact id: 'a35a84a0d12abd11b7327127fd3b4b2b') in 0.020869 seconds 
  Import took 0.026383 seconds .

========================================================================
Received Import Request.
  Time since last request: 0.000703 seconds.
  path: Assets/models/Materials/Stones_1.mat
  artifactKey: Guid(8293878c487936c47bf1b520f75b0836) Importer(815301076,1909f56bfc062723c751e8b465ee728b)
Start importing Assets/models/Materials/Stones_1.mat using Guid(8293878c487936c47bf1b520f75b0836) Importer(815301076,1909f56bfc062723c751e8b465ee728b)  -> (artifact id: '554c881f635fa94896a9c4ee43c8fd11') in 0.023815 seconds 
  Import took 0.028874 seconds .

========================================================================
Received Import Request.
  Time since last request: 0.000631 seconds.
  path: Assets/models/Stones.fbx
  artifactKey: Guid(759d57dd90f78dd418a1c5df48796dad) Importer(815301076,1909f56bfc062723c751e8b465ee728b)
Start importing Assets/models/Stones.fbx using Guid(759d57dd90f78dd418a1c5df48796dad) Importer(815301076,1909f56bfc062723c751e8b465ee728b)  -> (artifact id: '07c8dc7ae88d69f59aa3c6220945823c') in 0.037302 seconds 
  Import took 0.042949 seconds .

========================================================================
Received Import Request.
  Time since last request: 0.000552 seconds.
  path: Assets/models/Materials/cube.mat
  artifactKey: Guid(fdf655366e1b1c54f97b7c78a901e110) Importer(815301076,1909f56bfc062723c751e8b465ee728b)
Start importing Assets/models/Materials/cube.mat using Guid(fdf655366e1b1c54f97b7c78a901e110) Importer(815301076,1909f56bfc062723c751e8b465ee728b)  -> (artifact id: 'ad87806efad961a936ca5023392286da') in 0.020118 seconds 
  Import took 0.026219 seconds .

========================================================================
Received Import Request.
  Time since last request: 0.000610 seconds.
  path: Assets/models/Materials/house.mat
  artifactKey: Guid(01fd5fc277f0b3d4584d3cdc9f8f1cd8) Importer(815301076,1909f56bfc062723c751e8b465ee728b)
Start importing Assets/models/Materials/house.mat using Guid(01fd5fc277f0b3d4584d3cdc9f8f1cd8) Importer(815301076,1909f56bfc062723c751e8b465ee728b)  -> (artifact id: '79dfde6feb250d8176e883e664b96e3e') in 0.020507 seconds 
  Import took 0.026935 seconds .

========================================================================
Received Import Request.
  Time since last request: 0.000536 seconds.
  path: Assets/models/Materials 1/cloud.mat
  artifactKey: Guid(2bac02b2cb2f7394f84949c2d5202ad9) Importer(815301076,1909f56bfc062723c751e8b465ee728b)
Start importing Assets/models/Materials 1/cloud.mat using Guid(2bac02b2cb2f7394f84949c2d5202ad9) Importer(815301076,1909f56bfc062723c751e8b465ee728b)  -> (artifact id: 'ecd1f633054241b1ec27ff3561d33f79') in 0.032536 seconds 
  Import took 0.037913 seconds .

========================================================================
Received Import Request.
  Time since last request: 0.000632 seconds.
  path: Assets/models/Materials/01 - Default.mat
  artifactKey: Guid(f0f2d6a5e5d0f0e49b2ce3e9d1f0eb96) Importer(815301076,1909f56bfc062723c751e8b465ee728b)
Start importing Assets/models/Materials/01 - Default.mat using Guid(f0f2d6a5e5d0f0e49b2ce3e9d1f0eb96) Importer(815301076,1909f56bfc062723c751e8b465ee728b)  -> (artifact id: '4c7dcbfb9e98ccdd304eb7bfc6a571ca') in 0.022507 seconds 
  Import took 0.027466 seconds .

========================================================================
Received Import Request.
  Time since last request: 0.000557 seconds.
  path: Assets/models/Materials/crate.mat
  artifactKey: Guid(caa32dee2e6a0ff48a97dc7c1140ba6f) Importer(815301076,1909f56bfc062723c751e8b465ee728b)
Start importing Assets/models/Materials/crate.mat using Guid(caa32dee2e6a0ff48a97dc7c1140ba6f) Importer(815301076,1909f56bfc062723c751e8b465ee728b)  -> (artifact id: '524de71a2afd81a9687baf404f5b7e6c') in 0.019284 seconds 
  Import took 0.025414 seconds .

========================================================================
Received Import Request.
  Time since last request: 0.000445 seconds.
  path: Assets/models/Materials/sun.mat
  artifactKey: Guid(c4f97e022d5eff5468bc71bdc7efb079) Importer(815301076,1909f56bfc062723c751e8b465ee728b)
Start importing Assets/models/Materials/sun.mat using Guid(c4f97e022d5eff5468bc71bdc7efb079) Importer(815301076,1909f56bfc062723c751e8b465ee728b)  -> (artifact id: '6623357eaf2620aa8ab11a769ed99576') in 0.021182 seconds 
  Import took 0.026380 seconds .

========================================================================
Received Import Request.
  Time since last request: 0.000433 seconds.
  path: Assets/models/Materials/eh.mat
  artifactKey: Guid(7dbfddf772ea8e64ab2a3403a6786361) Importer(815301076,1909f56bfc062723c751e8b465ee728b)
Start importing Assets/models/Materials/eh.mat using Guid(7dbfddf772ea8e64ab2a3403a6786361) Importer(815301076,1909f56bfc062723c751e8b465ee728b)  -> (artifact id: '22134b083de61881fd5ca67d283589f1') in 0.027112 seconds 
  Import took 0.031696 seconds .

========================================================================
Received Import Request.
  Time since last request: 0.000400 seconds.
  path: Assets/models/Materials 1/MushroomStipe.mat
  artifactKey: Guid(89622ef65d4c27542bfbd829921afff8) Importer(815301076,1909f56bfc062723c751e8b465ee728b)
Start importing Assets/models/Materials 1/MushroomStipe.mat using Guid(89622ef65d4c27542bfbd829921afff8) Importer(815301076,1909f56bfc062723c751e8b465ee728b)  -> (artifact id: '608dc3c5e98358c37040b696407bcc3b') in 0.025505 seconds 
  Import took 0.028837 seconds .

========================================================================
Received Import Request.
  Time since last request: 0.000421 seconds.
  path: Assets/models/Materials 1/Stones_1.mat
  artifactKey: Guid(2edb015e7047cc74fbe04979fb1b5936) Importer(815301076,1909f56bfc062723c751e8b465ee728b)
Start importing Assets/models/Materials 1/Stones_1.mat using Guid(2edb015e7047cc74fbe04979fb1b5936) Importer(815301076,1909f56bfc062723c751e8b465ee728b)  -> (artifact id: 'f36269c1ff605096d68005f99fbf90fe') in 0.025943 seconds 
  Import took 0.029553 seconds .

========================================================================
Received Import Request.
  Time since last request: 0.000423 seconds.
  path: Assets/models/Materials/cloud.mat
  artifactKey: Guid(622c1a76565c5b042b854b5b18095e19) Importer(815301076,1909f56bfc062723c751e8b465ee728b)
Start importing Assets/models/Materials/cloud.mat using Guid(622c1a76565c5b042b854b5b18095e19) Importer(815301076,1909f56bfc062723c751e8b465ee728b)  -> (artifact id: '475757c5f77f9465786f4511c21f33d3') in 0.025927 seconds 
  Import took 0.030291 seconds .

========================================================================
Received Import Request.
  Time since last request: 0.000413 seconds.
  path: Assets/models/Materials/MushroomPileus.mat
  artifactKey: Guid(00ab0b4cd22f5d748adfce67ddc3dd0e) Importer(815301076,1909f56bfc062723c751e8b465ee728b)
Start importing Assets/models/Materials/MushroomPileus.mat using Guid(00ab0b4cd22f5d748adfce67ddc3dd0e) Importer(815301076,1909f56bfc062723c751e8b465ee728b)  -> (artifact id: '56bd6aaec386c3abc2ec6166a5df7c17') in 0.026906 seconds 
  Import took 0.030406 seconds .

========================================================================
Received Import Request.
  Time since last request: 0.000691 seconds.
  path: Assets/models/Materials/BUSH.mat
  artifactKey: Guid(024e763f3aaa51543a784da467c5a260) Importer(815301076,1909f56bfc062723c751e8b465ee728b)
Start importing Assets/models/Materials/BUSH.mat using Guid(024e763f3aaa51543a784da467c5a260) Importer(815301076,1909f56bfc062723c751e8b465ee728b)  -> (artifact id: '8ec625a0f22b1fd8306e3fc247fcaa9a') in 0.030493 seconds 
  Import took 0.036126 seconds .

========================================================================
Received Import Request.
  Time since last request: 0.000374 seconds.
  path: Assets/models/Materials 1/01 - Default.mat
  artifactKey: Guid(9016a1ed73a82334fa6b3eb8d8cacd50) Importer(815301076,1909f56bfc062723c751e8b465ee728b)
Start importing Assets/models/Materials 1/01 - Default.mat using Guid(9016a1ed73a82334fa6b3eb8d8cacd50) Importer(815301076,1909f56bfc062723c751e8b465ee728b)  -> (artifact id: '04d36137f2138dcc7b58e87e8a9e8e69') in 0.016901 seconds 
  Import took 0.020246 seconds .

========================================================================
Received Import Request.
  Time since last request: 0.000411 seconds.
  path: Assets/models/Materials/MushroomStipe.mat
  artifactKey: Guid(15f5edc951e48724aa29c529ef7b2fed) Importer(815301076,1909f56bfc062723c751e8b465ee728b)
Start importing Assets/models/Materials/MushroomStipe.mat using Guid(15f5edc951e48724aa29c529ef7b2fed) Importer(815301076,1909f56bfc062723c751e8b465ee728b)  -> (artifact id: 'd997b3b8841c70c7fe08a4f400d98386') in 0.016343 seconds 
  Import took 0.020897 seconds .

========================================================================
Received Import Request.
  Time since last request: 0.000531 seconds.
  path: Assets/models/UnityHouse.FBX
  artifactKey: Guid(cf0287fa20ece814eaf89824ad87c869) Importer(815301076,1909f56bfc062723c751e8b465ee728b)
Start importing Assets/models/UnityHouse.FBX using Guid(cf0287fa20ece814eaf89824ad87c869) Importer(815301076,1909f56bfc062723c751e8b465ee728b)  -> (artifact id: 'ca3fe6c981ef51bf3b5751b55f03607b') in 0.032244 seconds 
  Import took 0.036858 seconds .

========================================================================
Received Import Request.
  Time since last request: 0.000629 seconds.
  path: Assets/models/Materials 1/flower.mat
  artifactKey: Guid(a711713802a099446a2917bd270dd9ad) Importer(815301076,1909f56bfc062723c751e8b465ee728b)
Start importing Assets/models/Materials 1/flower.mat using Guid(a711713802a099446a2917bd270dd9ad) Importer(815301076,1909f56bfc062723c751e8b465ee728b)  -> (artifact id: '1c4793af80668898e3381e11be432e4d') in 0.024828 seconds 
  Import took 0.030116 seconds .

========================================================================
Received Import Request.
  Time since last request: 15.121427 seconds.
  path: Assets/Prefabs/cloud.prefab
  artifactKey: Guid(1f9385ed0eb47104d8972953f9da6e5e) Importer(815301076,1909f56bfc062723c751e8b465ee728b)
Start importing Assets/Prefabs/cloud.prefab using Guid(1f9385ed0eb47104d8972953f9da6e5e) Importer(815301076,1909f56bfc062723c751e8b465ee728b)  -> (artifact id: '33751fded5540b4e6e101226a6ce6f9e') in 0.027432 seconds 
  Import took 0.032904 seconds .

========================================================================
Received Import Request.
  Time since last request: 0.000627 seconds.
  path: Assets/Prefabs/dust.prefab
  artifactKey: Guid(a2e6164419c9fc849a37e117a4d09343) Importer(815301076,1909f56bfc062723c751e8b465ee728b)
Start importing Assets/Prefabs/dust.prefab using Guid(a2e6164419c9fc849a37e117a4d09343) Importer(815301076,1909f56bfc062723c751e8b465ee728b)  -> (artifact id: 'a73a62feadc688d086209fc76c71f425') in 0.276208 seconds 
  Import took 0.281712 seconds .

========================================================================
Received Import Request.
  Time since last request: 0.000808 seconds.
  path: Assets/Prefabs/EnvBranch.prefab
  artifactKey: Guid(824111c839a3fbd409af1a1ea87a3223) Importer(815301076,1909f56bfc062723c751e8b465ee728b)
Start importing Assets/Prefabs/EnvBranch.prefab using Guid(824111c839a3fbd409af1a1ea87a3223) Importer(815301076,1909f56bfc062723c751e8b465ee728b)  -> (artifact id: 'd02176684996981fa90bd74bd11a1a38') in 0.019133 seconds 
  Import took 0.026992 seconds .

========================================================================
Received Import Request.
  Time since last request: 0.000787 seconds.
  path: Assets/Prefabs/Particle System.prefab
  artifactKey: Guid(a8bf11d651dc456448146d6541534bc6) Importer(815301076,1909f56bfc062723c751e8b465ee728b)
Start importing Assets/Prefabs/Particle System.prefab using Guid(a8bf11d651dc456448146d6541534bc6) Importer(815301076,1909f56bfc062723c751e8b465ee728b)  -> (artifact id: '3d0bc266448bb4fd97456b110353acfd') in 0.042052 seconds 
  Import took 0.048451 seconds .

========================================================================
Received Import Request.
  Time since last request: 0.000702 seconds.
  path: Assets/Prefabs/UnityHouse.prefab
  artifactKey: Guid(67a5c1e9708594c45b0317981688e912) Importer(815301076,1909f56bfc062723c751e8b465ee728b)
Start importing Assets/Prefabs/UnityHouse.prefab using Guid(67a5c1e9708594c45b0317981688e912) Importer(815301076,1909f56bfc062723c751e8b465ee728b)  -> (artifact id: '15192369b62761e7a8ca4e5dd9e9c351') in 0.014861 seconds 
  Import took 0.022232 seconds .

========================================================================
Received Import Request.
  Time since last request: 0.000785 seconds.
  path: Assets/Prefabs/GameObject.prefab
  artifactKey: Guid(b8f14e439b39528429db9b5cef95e0f3) Importer(815301076,1909f56bfc062723c751e8b465ee728b)
Start importing Assets/Prefabs/GameObject.prefab using Guid(b8f14e439b39528429db9b5cef95e0f3) Importer(815301076,1909f56bfc062723c751e8b465ee728b)  -> (artifact id: '25659e2320540f45f101c2ae07ffcfcb') in 0.030514 seconds 
  Import took 0.037966 seconds .

========================================================================
Received Import Request.
  Time since last request: 0.000706 seconds.
  path: Assets/Prefabs/Stones.prefab
  artifactKey: Guid(ea4fac2ca7dbb294284ea10632716d55) Importer(815301076,1909f56bfc062723c751e8b465ee728b)
Start importing Assets/Prefabs/Stones.prefab using Guid(ea4fac2ca7dbb294284ea10632716d55) Importer(815301076,1909f56bfc062723c751e8b465ee728b)  -> (artifact id: '95aa5cdfc4e202c5fce7639a6f536018') in 0.015802 seconds 
  Import took 0.021628 seconds .

========================================================================
Received Import Request.
  Time since last request: 0.000698 seconds.
  path: Assets/Prefabs/Rock 1.prefab
  artifactKey: Guid(ccfca028ea0bcb44da4ddce94bcfda6c) Importer(815301076,1909f56bfc062723c751e8b465ee728b)
Start importing Assets/Prefabs/Rock 1.prefab using Guid(ccfca028ea0bcb44da4ddce94bcfda6c) Importer(815301076,1909f56bfc062723c751e8b465ee728b)  -> (artifact id: '0d7df2af309e4eee41c187661f8d268a') in 0.016904 seconds 
  Import took 0.023170 seconds .

========================================================================
Received Import Request.
  Time since last request: 0.000777 seconds.
  path: Assets/Prefabs/smallHill.prefab
  artifactKey: Guid(428a40edec0fcf34ab81e11bcc337980) Importer(815301076,1909f56bfc062723c751e8b465ee728b)
Start importing Assets/Prefabs/smallHill.prefab using Guid(428a40edec0fcf34ab81e11bcc337980) Importer(815301076,1909f56bfc062723c751e8b465ee728b)  -> (artifact id: 'aa18384b5d7b63890d37370e8831ca69') in 0.014198 seconds 
  Import took 0.020403 seconds .

========================================================================
Received Import Request.
  Time since last request: 0.000697 seconds.
  path: Assets/Prefabs/Mushroom 1.prefab
  artifactKey: Guid(59cb0f575d9e86348a73d2fe8a02d63d) Importer(815301076,1909f56bfc062723c751e8b465ee728b)
Start importing Assets/Prefabs/Mushroom 1.prefab using Guid(59cb0f575d9e86348a73d2fe8a02d63d) Importer(815301076,1909f56bfc062723c751e8b465ee728b)  -> (artifact id: '5e411131f51888a6fc337b4d1ed09128') in 0.016850 seconds 
  Import took 0.022467 seconds .

========================================================================
Received Import Request.
  Time since last request: 0.006047 seconds.
  path: Assets/Prefabs/smallHill.prefab
  artifactKey: Guid(428a40edec0fcf34ab81e11bcc337980) Importer(815301076,1909f56bfc062723c751e8b465ee728b)
Start importing Assets/Prefabs/smallHill.prefab using Guid(428a40edec0fcf34ab81e11bcc337980) Importer(815301076,1909f56bfc062723c751e8b465ee728b)  -> (artifact id: 'aa18384b5d7b63890d37370e8831ca69') in 0.023051 seconds 
  Import took 0.029453 seconds .

========================================================================
Received Import Request.
  Time since last request: 7.989521 seconds.
  path: Assets/skyboxes/back.png
  artifactKey: Guid(0aa69378d56d8214181870f78886be25) Importer(815301076,1909f56bfc062723c751e8b465ee728b)
Start importing Assets/skyboxes/back.png using Guid(0aa69378d56d8214181870f78886be25) Importer(815301076,1909f56bfc062723c751e8b465ee728b)  -> (artifact id: '854158c0d141a4228ed96ecd6de1eae8') in 0.049934 seconds 
  Import took 0.054696 seconds .

========================================================================
Received Import Request.
  Time since last request: 0.000625 seconds.
  path: Assets/skyboxes/front.png
  artifactKey: Guid(49fb1d52cc44c73488da0ec9218e8a5e) Importer(815301076,1909f56bfc062723c751e8b465ee728b)
Start importing Assets/skyboxes/front.png using Guid(49fb1d52cc44c73488da0ec9218e8a5e) Importer(815301076,1909f56bfc062723c751e8b465ee728b)  -> (artifact id: '90b0cc6da34fa4c7e3d345b232dbf2df') in 0.021738 seconds 
  Import took 0.028181 seconds .

========================================================================
Received Import Request.
  Time since last request: 0.000532 seconds.
  path: Assets/skyboxes/right.png
  artifactKey: Guid(9863ba70a1286ce4db032c1c2f31f5e4) Importer(815301076,1909f56bfc062723c751e8b465ee728b)
Start importing Assets/skyboxes/right.png using Guid(9863ba70a1286ce4db032c1c2f31f5e4) Importer(815301076,1909f56bfc062723c751e8b465ee728b)  -> (artifact id: '75911b6d0a6f90bfa832f882f0826c70') in 0.018531 seconds 
  Import took 0.023822 seconds .

========================================================================
Received Import Request.
  Time since last request: 0.000507 seconds.
  path: Assets/skyboxes/bottom.png
  artifactKey: Guid(cf9ecd1704ceae34ea4a2abdd4920bf4) Importer(815301076,1909f56bfc062723c751e8b465ee728b)
Start importing Assets/skyboxes/bottom.png using Guid(cf9ecd1704ceae34ea4a2abdd4920bf4) Importer(815301076,1909f56bfc062723c751e8b465ee728b)  -> (artifact id: '7dd46f3066c5b664ec626e9ac28473ba') in 0.024938 seconds 
  Import took 0.029987 seconds .

========================================================================
Received Import Request.
  Time since last request: 0.000528 seconds.
  path: Assets/skyboxes/cubemap.png
  artifactKey: Guid(1ccbc76a9f7546e4b9e4f618b98b4580) Importer(815301076,1909f56bfc062723c751e8b465ee728b)
Start importing Assets/skyboxes/cubemap.png using Guid(1ccbc76a9f7546e4b9e4f618b98b4580) Importer(815301076,1909f56bfc062723c751e8b465ee728b)  -> (artifact id: '260079763be9ef1360ecf8dcd611abea') in 0.027390 seconds 
  Import took 0.031861 seconds .

========================================================================
Received Import Request.
  Time since last request: 0.000444 seconds.
  path: Assets/skyboxes/top.png
  artifactKey: Guid(866bf28106609e04f9bbbe00f402b616) Importer(815301076,1909f56bfc062723c751e8b465ee728b)
Start importing Assets/skyboxes/top.png using Guid(866bf28106609e04f9bbbe00f402b616) Importer(815301076,1909f56bfc062723c751e8b465ee728b)  -> (artifact id: 'd94eb0ec7f49932f2a8e1d048f0036f3') in 0.017861 seconds 
  Import took 0.021677 seconds .

========================================================================
Received Import Request.
  Time since last request: 0.000511 seconds.
  path: Assets/skyboxes/left.png
  artifactKey: Guid(0e6214e8e3c142946b745a107e17a3a1) Importer(815301076,1909f56bfc062723c751e8b465ee728b)
Start importing Assets/skyboxes/left.png using Guid(0e6214e8e3c142946b745a107e17a3a1) Importer(815301076,1909f56bfc062723c751e8b465ee728b)  -> (artifact id: 'e08b0b7f5e731a04f97ce632ec26318e') in 0.016898 seconds 
  Import took 0.021590 seconds .

========================================================================
Received Import Request.
  Time since last request: 0.000642 seconds.
  path: Assets/skyboxes/sky.mat
  artifactKey: Guid(2708db3937b67c44492279963e30fbaf) Importer(815301076,1909f56bfc062723c751e8b465ee728b)
Start importing Assets/skyboxes/sky.mat using Guid(2708db3937b67c44492279963e30fbaf) Importer(815301076,1909f56bfc062723c751e8b465ee728b)  -> (artifact id: '4136b6eb5e737ad20209a7e60008b9bb') in 0.019829 seconds 
  Import took 0.024713 seconds .

========================================================================
Received Import Request.
  Time since last request: 0.636825 seconds.
  path: Assets/Sounds/Jump.wav
  artifactKey: Guid(32ce0e3ede5010e4e8abff15823003e5) Importer(815301076,1909f56bfc062723c751e8b465ee728b)
Start importing Assets/Sounds/Jump.wav using Guid(32ce0e3ede5010e4e8abff15823003e5) Importer(815301076,1909f56bfc062723c751e8b465ee728b)  -> (artifact id: 'ffedfd3c7193836514e01da66a327ad6') in 0.042391 seconds 
  Import took 0.047371 seconds .

========================================================================
Received Import Request.
  Time since last request: 0.000591 seconds.
  path: Assets/Sounds/Pickup_Coin2.wav
  artifactKey: Guid(13b13f6c24173a74fb6e16a1e491a97e) Importer(815301076,1909f56bfc062723c751e8b465ee728b)
Start importing Assets/Sounds/Pickup_Coin2.wav using Guid(13b13f6c24173a74fb6e16a1e491a97e) Importer(815301076,1909f56bfc062723c751e8b465ee728b)  -> (artifact id: 'c825fb724bffda68e2342557d46b0e8d') in 0.025250 seconds 
  Import took 0.029626 seconds .

========================================================================
Received Import Request.
  Time since last request: 0.000636 seconds.
  path: Assets/Sounds/Pickup_Coin3.wav
  artifactKey: Guid(f982ac8d1d18e6046b342e127f24fe96) Importer(815301076,1909f56bfc062723c751e8b465ee728b)
Start importing Assets/Sounds/Pickup_Coin3.wav using Guid(f982ac8d1d18e6046b342e127f24fe96) Importer(815301076,1909f56bfc062723c751e8b465ee728b)  -> (artifact id: 'd2b50e720e120f20e084d4e317de70ea') in 0.017805 seconds 
  Import took 0.022245 seconds .

========================================================================
Received Import Request.
  Time since last request: 0.008233 seconds.
  path: Assets/Sounds/Pickup_Coin3.wav
  artifactKey: Guid(f982ac8d1d18e6046b342e127f24fe96) Importer(815301076,1909f56bfc062723c751e8b465ee728b)
Start importing Assets/Sounds/Pickup_Coin3.wav using Guid(f982ac8d1d18e6046b342e127f24fe96) Importer(815301076,1909f56bfc062723c751e8b465ee728b)  -> (artifact id: 'd2b50e720e120f20e084d4e317de70ea') in 0.027935 seconds 
  Import took 0.033615 seconds .

========================================================================
Received Import Request.
  Time since last request: 0.964102 seconds.
  path: Assets/Texture/04pietrac2.png
  artifactKey: Guid(431f3f485c30add48bc10a5c4c544330) Importer(815301076,1909f56bfc062723c751e8b465ee728b)
Start importing Assets/Texture/04pietrac2.png using Guid(431f3f485c30add48bc10a5c4c544330) Importer(815301076,1909f56bfc062723c751e8b465ee728b)  -> (artifact id: 'fc730e3403891b363affb11cd06a6eac') in 0.020848 seconds 
  Import took 0.027625 seconds .

========================================================================
Received Import Request.
  Time since last request: 0.000671 seconds.
  path: Assets/Texture/mushroom.png
  artifactKey: Guid(237833be3c5ee0a48ab09253e079f52f) Importer(815301076,1909f56bfc062723c751e8b465ee728b)
Start importing Assets/Texture/mushroom.png using Guid(237833be3c5ee0a48ab09253e079f52f) Importer(815301076,1909f56bfc062723c751e8b465ee728b)  -> (artifact id: 'ccb05ee61cae214d97bc63593e4eff70') in 0.036374 seconds 
  Import took 0.042180 seconds .

========================================================================
Received Import Request.
  Time since last request: 0.000496 seconds.
  path: Assets/Texture/crate_normal.png
  artifactKey: Guid(1168fe1368b281d42bce2353d4eaf5e7) Importer(815301076,1909f56bfc062723c751e8b465ee728b)
Start importing Assets/Texture/crate_normal.png using Guid(1168fe1368b281d42bce2353d4eaf5e7) Importer(815301076,1909f56bfc062723c751e8b465ee728b)  -> (artifact id: 'ca9cf4beb94191bf2af5c512c7571abc') in 0.025527 seconds 
  Import took 0.029029 seconds .

========================================================================
Received Import Request.
  Time since last request: 0.000482 seconds.
  path: Assets/Texture/stone1512.jpg
  artifactKey: Guid(41b85e603c4ecd44d9e7748250e75404) Importer(815301076,1909f56bfc062723c751e8b465ee728b)
Start importing Assets/Texture/stone1512.jpg using Guid(41b85e603c4ecd44d9e7748250e75404) Importer(815301076,1909f56bfc062723c751e8b465ee728b)  -> (artifact id: '68de4ba59a7c9e17fcbe27b05fa6d7a0') in 0.022864 seconds 
  Import took 0.027326 seconds .

========================================================================
Received Import Request.
  Time since last request: 0.000495 seconds.
  path: Assets/Texture/crate_ao.png
  artifactKey: Guid(1a449fb03c292cf4a9af0cad8b5cb952) Importer(815301076,1909f56bfc062723c751e8b465ee728b)
Start importing Assets/Texture/crate_ao.png using Guid(1a449fb03c292cf4a9af0cad8b5cb952) Importer(815301076,1909f56bfc062723c751e8b465ee728b)  -> (artifact id: '71e3ba361e40e63b5f6738aef3e7c5cd') in 0.029341 seconds 
  Import took 0.033455 seconds .

========================================================================
Received Import Request.
  Time since last request: 0.000508 seconds.
  path: Assets/Texture/mush.png
  artifactKey: Guid(a787f5de4915d8d40af9f4643c5e8c3f) Importer(815301076,1909f56bfc062723c751e8b465ee728b)
Start importing Assets/Texture/mush.png using Guid(a787f5de4915d8d40af9f4643c5e8c3f) Importer(815301076,1909f56bfc062723c751e8b465ee728b)  -> (artifact id: '5713f75b3781877d692bd62771da6555') in 0.017016 seconds 
  Import took 0.020426 seconds .

========================================================================
Received Import Request.
  Time since last request: 0.000506 seconds.
  path: Assets/Texture/Grass_04.png
  artifactKey: Guid(a662a5a41ffecd24aaeccda909a1b0a9) Importer(815301076,1909f56bfc062723c751e8b465ee728b)
Start importing Assets/Texture/Grass_04.png using Guid(a662a5a41ffecd24aaeccda909a1b0a9) Importer(815301076,1909f56bfc062723c751e8b465ee728b)  -> (artifact id: '1c57ad1384c7dde333d146037a08312d') in 0.018919 seconds 
  Import took 0.023230 seconds .

========================================================================
Received Import Request.
  Time since last request: 0.000581 seconds.
  path: Assets/Texture/_MG_1204.jpg
  artifactKey: Guid(10a1bcbc54a927840a87d8bbf14d6dc2) Importer(815301076,1909f56bfc062723c751e8b465ee728b)
Start importing Assets/Texture/_MG_1204.jpg using Guid(10a1bcbc54a927840a87d8bbf14d6dc2) Importer(815301076,1909f56bfc062723c751e8b465ee728b)  -> (artifact id: '16cbed958bea50ab67898ff216cab254') in 0.019122 seconds 
  Import took 0.023799 seconds .

========================================================================
Received Import Request.
  Time since last request: 0.000514 seconds.
  path: Assets/Texture/Grass_01.png
  artifactKey: Guid(8f8d9f0c926767c48929c073f060c34e) Importer(815301076,1909f56bfc062723c751e8b465ee728b)
Start importing Assets/Texture/Grass_01.png using Guid(8f8d9f0c926767c48929c073f060c34e) Importer(815301076,1909f56bfc062723c751e8b465ee728b)  -> (artifact id: 'bed0d95ac54af00bc5a1a60e30f68544') in 0.019222 seconds 
  Import took 0.024273 seconds .

========================================================================
Received Import Request.
  Time since last request: 0.000559 seconds.
  path: Assets/Texture/Grass_02.png
  artifactKey: Guid(b024aa9927d7a2c4b8774bd5eba97989) Importer(815301076,1909f56bfc062723c751e8b465ee728b)
Start importing Assets/Texture/Grass_02.png using Guid(b024aa9927d7a2c4b8774bd5eba97989) Importer(815301076,1909f56bfc062723c751e8b465ee728b)  -> (artifact id: 'c4f67a23685a0912b70b2af3a80ec162') in 0.017886 seconds 
  Import took 0.023043 seconds .

========================================================================
Received Import Request.
  Time since last request: 0.000585 seconds.
  path: Assets/Texture/Grass_01_Nrm.png
  artifactKey: Guid(c31a93b49625cdd48afa5b17f63ee57a) Importer(815301076,1909f56bfc062723c751e8b465ee728b)
Start importing Assets/Texture/Grass_01_Nrm.png using Guid(c31a93b49625cdd48afa5b17f63ee57a) Importer(815301076,1909f56bfc062723c751e8b465ee728b)  -> (artifact id: '674472ac591ca99bd830bba04bb58113') in 0.029653 seconds 
  Import took 0.034199 seconds .

========================================================================
Received Import Request.
  Time since last request: 0.000531 seconds.
  path: Assets/Texture/Grass_02_Nrm.png
  artifactKey: Guid(06d128184bb502f4d9674d05b11b5d20) Importer(815301076,1909f56bfc062723c751e8b465ee728b)
Start importing Assets/Texture/Grass_02_Nrm.png using Guid(06d128184bb502f4d9674d05b11b5d20) Importer(815301076,1909f56bfc062723c751e8b465ee728b)  -> (artifact id: '010576f752ec14141aaf98453025471a') in 0.017455 seconds 
  Import took 0.021878 seconds .

========================================================================
Received Import Request.
  Time since last request: 0.000713 seconds.
  path: Assets/Texture/Grass_04_Nrm.png
  artifactKey: Guid(ab199e54c9033a04d8dffa728704bf2f) Importer(815301076,1909f56bfc062723c751e8b465ee728b)
Start importing Assets/Texture/Grass_04_Nrm.png using Guid(ab199e54c9033a04d8dffa728704bf2f) Importer(815301076,1909f56bfc062723c751e8b465ee728b)  -> (artifact id: 'b276ad0b130719e2ca5e2b1fae9c1f37') in 0.017091 seconds 
  Import took 0.023057 seconds .

========================================================================
Received Import Request.
  Time since last request: 34.491867 seconds.
  path: Assets/models/materials
  artifactKey: Guid(503bfccbdce0a1b4286ba9b1f68f28a0) Importer(815301076,1909f56bfc062723c751e8b465ee728b)
Start importing Assets/models/materials using Guid(503bfccbdce0a1b4286ba9b1f68f28a0) Importer(815301076,1909f56bfc062723c751e8b465ee728b)  -> (artifact id: 'b6b609ddc7fa942d6e0e4ffebaea62b2') in 0.006008 seconds 
  Import took 0.009677 seconds .

========================================================================
Received Import Request.
  Time since last request: 11.643673 seconds.
  path: Assets/models/materials/frog.mat
  artifactKey: Guid(852464da9de386e4a91c245ec85ce67e) Importer(815301076,1909f56bfc062723c751e8b465ee728b)
Start importing Assets/models/materials/frog.mat using Guid(852464da9de386e4a91c245ec85ce67e) Importer(815301076,1909f56bfc062723c751e8b465ee728b)  -> (artifact id: '9080c8f474234480a0b42fc892b8d67c') in 0.017475 seconds 
  Import took 0.021516 seconds .

========================================================================
Received Prepare
Registering precompiled user dll's ...
Registered in 0.036312 seconds.
Begin MonoManager ReloadAssembly
Native extension for WindowsStandalone target not found
Native extension for WebGL target not found
Refreshing native plugins compatible for Editor in 0.52 ms, found 2 plugins.
Preloading 0 native plugins for Editor in 0.00 ms.
Mono: successfully reloaded assembly
- Completed reload, in  3.275 seconds
Domain Reload Profiling:
	ReloadAssembly (3276ms)
		BeginReloadAssembly (488ms)
			ExecutionOrderSort (0ms)
			DisableScriptedObjects (11ms)
			BackupInstance (0ms)
			ReleaseScriptingObjects (0ms)
			CreateAndSetChildDomain (187ms)
		EndReloadAssembly (2661ms)
			LoadAssemblies (252ms)
			RebuildTransferFunctionScriptingTraits (0ms)
			SetupTypeCache (902ms)
			ReleaseScriptCaches (1ms)
			RebuildScriptCaches (78ms)
			SetupLoadedEditorAssemblies (1295ms)
				LogAssemblyErrors (0ms)
				InitializePlatformSupportModulesInManaged (13ms)
				SetLoadedEditorAssemblies (1ms)
				RefreshPlugins (1ms)
				BeforeProcessingInitializeOnLoad (151ms)
				ProcessInitializeOnLoadAttributes (1064ms)
				ProcessInitializeOnLoadMethodAttributes (25ms)
				AfterProcessingInitializeOnLoad (40ms)
				EditorAssembliesLoaded (1ms)
			ExecutionOrderSort2 (0ms)
			AwakeInstancesAfterBackupRestoration (18ms)
Platform modules already initialized, skipping
Refreshing native plugins compatible for Editor in 0.36 ms, found 2 plugins.
Preloading 0 native plugins for Editor in 0.00 ms.
Unloading 1399 Unused Serialized files (Serialized files now loaded: 0)
System memory in use before: 68.8 MB.
System memory in use after: 68.9 MB.

Unloading 16 unused Assets to reduce memory usage. Loaded Objects now: 1889.
Total: 4.197800 ms (FindLiveObjects: 0.227900 ms CreateObjectMapping: 0.060700 ms MarkObjects: 3.850400 ms  DeleteObjects: 0.057600 ms)

AssetImportParameters requested are different than current active one (requested -> active):
  custom:framework-win-MediaFoundation: 216162199b28c13a410421893ffa2e32 -> 
  custom:video-decoder-ogg-theora: a1e56fd34408186e4bbccfd4996cb3dc -> 
  custom:container-muxer-webm: aa71ff27fc2769a1b78a27578f13a17b -> 
  custom:container-demuxer-webm: 4f35f7cbe854078d1ac9338744f61a02 -> 
  custom:container-demuxer-ogg: 62fdf1f143b41e24485cea50d1cbac27 -> 
  custom:video-encoder-webm-vp8: eb34c28f22e8b96e1ab97ce403110664 -> 
  custom:video-decoder-webm-vp8: 9c59270c3fd7afecdb556c50c9e8de78 -> 
  custom:audio-decoder-ogg-vorbis: bf7c407c2cedff20999df2af8eb42d56 -> 
  custom:audio-encoder-webm-vorbis: bf7c407c2cedff20999df2af8eb42d56 -> 
========================================================================
Received Prepare
Registering precompiled user dll's ...
Registered in 0.014483 seconds.
Begin MonoManager ReloadAssembly
Native extension for WindowsStandalone target not found
Native extension for WebGL target not found
Refreshing native plugins compatible for Editor in 0.58 ms, found 2 plugins.
Preloading 0 native plugins for Editor in 0.00 ms.
Mono: successfully reloaded assembly
- Completed reload, in  3.261 seconds
Domain Reload Profiling:
	ReloadAssembly (3262ms)
		BeginReloadAssembly (304ms)
			ExecutionOrderSort (0ms)
			DisableScriptedObjects (9ms)
			BackupInstance (0ms)
			ReleaseScriptingObjects (0ms)
			CreateAndSetChildDomain (60ms)
		EndReloadAssembly (2640ms)
			LoadAssemblies (290ms)
			RebuildTransferFunctionScriptingTraits (0ms)
			SetupTypeCache (853ms)
			ReleaseScriptCaches (1ms)
			RebuildScriptCaches (132ms)
			SetupLoadedEditorAssemblies (1241ms)
				LogAssemblyErrors (0ms)
				InitializePlatformSupportModulesInManaged (13ms)
				SetLoadedEditorAssemblies (1ms)
				RefreshPlugins (1ms)
				BeforeProcessingInitializeOnLoad (163ms)
				ProcessInitializeOnLoadAttributes (1034ms)
				ProcessInitializeOnLoadMethodAttributes (8ms)
				AfterProcessingInitializeOnLoad (21ms)
				EditorAssembliesLoaded (0ms)
			ExecutionOrderSort2 (0ms)
			AwakeInstancesAfterBackupRestoration (15ms)
Platform modules already initialized, skipping
Refreshing native plugins compatible for Editor in 0.52 ms, found 2 plugins.
Preloading 0 native plugins for Editor in 0.00 ms.
Unloading 1399 Unused Serialized files (Serialized files now loaded: 0)
System memory in use before: 68.8 MB.
System memory in use after: 68.9 MB.

Unloading 13 unused Assets to reduce memory usage. Loaded Objects now: 1891.
Total: 5.647900 ms (FindLiveObjects: 0.347700 ms CreateObjectMapping: 0.097100 ms MarkObjects: 5.161400 ms  DeleteObjects: 0.038600 ms)

AssetImportParameters requested are different than current active one (requested -> active):
  custom:framework-win-MediaFoundation: 216162199b28c13a410421893ffa2e32 -> 
  custom:video-decoder-ogg-theora: a1e56fd34408186e4bbccfd4996cb3dc -> 
  custom:container-muxer-webm: aa71ff27fc2769a1b78a27578f13a17b -> 
  custom:container-demuxer-webm: 4f35f7cbe854078d1ac9338744f61a02 -> 
  custom:container-demuxer-ogg: 62fdf1f143b41e24485cea50d1cbac27 -> 
  custom:video-encoder-webm-vp8: eb34c28f22e8b96e1ab97ce403110664 -> 
  custom:video-decoder-webm-vp8: 9c59270c3fd7afecdb556c50c9e8de78 -> 
  custom:audio-decoder-ogg-vorbis: bf7c407c2cedff20999df2af8eb42d56 -> 
  custom:audio-encoder-webm-vorbis: bf7c407c2cedff20999df2af8eb42d56 -> 
========================================================================
Received Import Request.
  Time since last request: 276.358387 seconds.
  path: Assets/models/materials/car.mat
  artifactKey: Guid(9cbb92b20d157f74e8c9654bf5b80dff) Importer(815301076,1909f56bfc062723c751e8b465ee728b)
Start importing Assets/models/materials/car.mat using Guid(9cbb92b20d157f74e8c9654bf5b80dff) Importer(815301076,1909f56bfc062723c751e8b465ee728b)  -> (artifact id: '789772c2f11b8ef7abd5e62a7f98acaf') in 0.110153 seconds 
  Import took 0.114973 seconds .

========================================================================
Received Import Request.
  Time since last request: 8.896764 seconds.
  path: Assets/models/materials/bus.mat
  artifactKey: Guid(b0099716cefeb8a4aac47ed248f8dd60) Importer(815301076,1909f56bfc062723c751e8b465ee728b)
Start importing Assets/models/materials/bus.mat using Guid(b0099716cefeb8a4aac47ed248f8dd60) Importer(815301076,1909f56bfc062723c751e8b465ee728b)  -> (artifact id: '461163085064ca48fb16f4fdcb0e8884') in 0.017853 seconds 
  Import took 0.022045 seconds .

========================================================================
Received Import Request.
  Time since last request: 132.096358 seconds.
  path: Assets/Scripts
  artifactKey: Guid(dabe73f1d3947764f9d9ceab3d7dc87e) Importer(815301076,1909f56bfc062723c751e8b465ee728b)
Start importing Assets/Scripts using Guid(dabe73f1d3947764f9d9ceab3d7dc87e) Importer(815301076,1909f56bfc062723c751e8b465ee728b)  -> (artifact id: 'c0a0fd5d931736175f6a209a1ae37949') in 0.005597 seconds 
  Import took 0.009199 seconds .

========================================================================
Received Import Request.
  Time since last request: 12.171733 seconds.
  path: Assets/Scripts/froghit.cs
  artifactKey: Guid(a1921a0723bfeb04f891c964279e579a) Importer(815301076,1909f56bfc062723c751e8b465ee728b)
Start importing Assets/Scripts/froghit.cs using Guid(a1921a0723bfeb04f891c964279e579a) Importer(815301076,1909f56bfc062723c751e8b465ee728b)  -> (artifact id: '595e3e1a8cd8a0370ec59552edbdf35e') in 0.061212 seconds 
  Import took 0.068859 seconds .

========================================================================
Received Prepare
Registering precompiled user dll's ...
Registered in 0.009684 seconds.
Begin MonoManager ReloadAssembly
Native extension for WindowsStandalone target not found
Native extension for WebGL target not found
Refreshing native plugins compatible for Editor in 0.43 ms, found 2 plugins.
Preloading 0 native plugins for Editor in 0.00 ms.
Mono: successfully reloaded assembly
- Completed reload, in  2.310 seconds
Domain Reload Profiling:
	ReloadAssembly (2311ms)
		BeginReloadAssembly (189ms)
			ExecutionOrderSort (0ms)
			DisableScriptedObjects (5ms)
			BackupInstance (0ms)
			ReleaseScriptingObjects (0ms)
			CreateAndSetChildDomain (54ms)
		EndReloadAssembly (2023ms)
			LoadAssemblies (167ms)
			RebuildTransferFunctionScriptingTraits (0ms)
			SetupTypeCache (673ms)
			ReleaseScriptCaches (2ms)
			RebuildScriptCaches (119ms)
			SetupLoadedEditorAssemblies (846ms)
				LogAssemblyErrors (0ms)
				InitializePlatformSupportModulesInManaged (7ms)
				SetLoadedEditorAssemblies (1ms)
				RefreshPlugins (1ms)
				BeforeProcessingInitializeOnLoad (126ms)
				ProcessInitializeOnLoadAttributes (700ms)
				ProcessInitializeOnLoadMethodAttributes (4ms)
				AfterProcessingInitializeOnLoad (8ms)
				EditorAssembliesLoaded (0ms)
			ExecutionOrderSort2 (0ms)
			AwakeInstancesAfterBackupRestoration (10ms)
Platform modules already initialized, skipping
Refreshing native plugins compatible for Editor in 0.50 ms, found 2 plugins.
Preloading 0 native plugins for Editor in 0.00 ms.
Unloading 1400 Unused Serialized files (Serialized files now loaded: 0)
System memory in use before: 68.8 MB.
System memory in use after: 68.9 MB.

Unloading 13 unused Assets to reduce memory usage. Loaded Objects now: 1895.
Total: 5.076100 ms (FindLiveObjects: 0.253200 ms CreateObjectMapping: 0.078300 ms MarkObjects: 4.701500 ms  DeleteObjects: 0.041000 ms)

AssetImportParameters requested are different than current active one (requested -> active):
  custom:framework-win-MediaFoundation: 216162199b28c13a410421893ffa2e32 -> 
  custom:video-decoder-ogg-theora: a1e56fd34408186e4bbccfd4996cb3dc -> 
  custom:container-muxer-webm: aa71ff27fc2769a1b78a27578f13a17b -> 
  custom:container-demuxer-webm: 4f35f7cbe854078d1ac9338744f61a02 -> 
  custom:container-demuxer-ogg: 62fdf1f143b41e24485cea50d1cbac27 -> 
  custom:video-encoder-webm-vp8: eb34c28f22e8b96e1ab97ce403110664 -> 
  custom:video-decoder-webm-vp8: 9c59270c3fd7afecdb556c50c9e8de78 -> 
  custom:audio-decoder-ogg-vorbis: bf7c407c2cedff20999df2af8eb42d56 -> 
  custom:audio-encoder-webm-vorbis: bf7c407c2cedff20999df2af8eb42d56 -> 
========================================================================
Received Import Request.
  Time since last request: 17.904053 seconds.
  path: Assets/Scripts/toxxslime.cs
  artifactKey: Guid(b390c28218d244a4d8b29bb02255c6b5) Importer(815301076,1909f56bfc062723c751e8b465ee728b)
Start importing Assets/Scripts/toxxslime.cs using Guid(b390c28218d244a4d8b29bb02255c6b5) Importer(815301076,1909f56bfc062723c751e8b465ee728b)  -> (artifact id: '2c2e987a1c0e03e2d164413ea46d7ac1') in 0.008563 seconds 
  Import took 0.012721 seconds .

========================================================================
Received Import Request.
  Time since last request: 0.039879 seconds.
  path: Assets/Scripts/toxxslime.cs
  artifactKey: Guid(b390c28218d244a4d8b29bb02255c6b5) Importer(815301076,1909f56bfc062723c751e8b465ee728b)
Start importing Assets/Scripts/toxxslime.cs using Guid(b390c28218d244a4d8b29bb02255c6b5) Importer(815301076,1909f56bfc062723c751e8b465ee728b)  -> (artifact id: '2c2e987a1c0e03e2d164413ea46d7ac1') in 0.004357 seconds 
  Import took 0.007867 seconds .

========================================================================
Received Prepare
Registering precompiled user dll's ...
Registered in 0.011453 seconds.
Begin MonoManager ReloadAssembly
Native extension for WindowsStandalone target not found
Native extension for WebGL target not found
Refreshing native plugins compatible for Editor in 0.61 ms, found 2 plugins.
Preloading 0 native plugins for Editor in 0.00 ms.
Mono: successfully reloaded assembly
- Completed reload, in  3.758 seconds
Domain Reload Profiling:
	ReloadAssembly (3758ms)
		BeginReloadAssembly (142ms)
			ExecutionOrderSort (0ms)
			DisableScriptedObjects (6ms)
			BackupInstance (0ms)
			ReleaseScriptingObjects (0ms)
			CreateAndSetChildDomain (36ms)
		EndReloadAssembly (3464ms)
			LoadAssemblies (138ms)
			RebuildTransferFunctionScriptingTraits (0ms)
			SetupTypeCache (1138ms)
			ReleaseScriptCaches (2ms)
			RebuildScriptCaches (162ms)
			SetupLoadedEditorAssemblies (1516ms)
				LogAssemblyErrors (0ms)
				InitializePlatformSupportModulesInManaged (12ms)
				SetLoadedEditorAssemblies (1ms)
				RefreshPlugins (1ms)
				BeforeProcessingInitializeOnLoad (375ms)
				ProcessInitializeOnLoadAttributes (1101ms)
				ProcessInitializeOnLoadMethodAttributes (7ms)
				AfterProcessingInitializeOnLoad (17ms)
				EditorAssembliesLoaded (1ms)
			ExecutionOrderSort2 (0ms)
			AwakeInstancesAfterBackupRestoration (14ms)
Platform modules already initialized, skipping
Refreshing native plugins compatible for Editor in 0.52 ms, found 2 plugins.
Preloading 0 native plugins for Editor in 0.00 ms.
Unloading 1400 Unused Serialized files (Serialized files now loaded: 0)
System memory in use before: 68.8 MB.
System memory in use after: 68.9 MB.

Unloading 13 unused Assets to reduce memory usage. Loaded Objects now: 1897.
Total: 4.948700 ms (FindLiveObjects: 0.340600 ms CreateObjectMapping: 0.089000 ms MarkObjects: 4.489000 ms  DeleteObjects: 0.028000 ms)

AssetImportParameters requested are different than current active one (requested -> active):
  custom:framework-win-MediaFoundation: 216162199b28c13a410421893ffa2e32 -> 
  custom:video-decoder-ogg-theora: a1e56fd34408186e4bbccfd4996cb3dc -> 
  custom:container-muxer-webm: aa71ff27fc2769a1b78a27578f13a17b -> 
  custom:container-demuxer-webm: 4f35f7cbe854078d1ac9338744f61a02 -> 
  custom:container-demuxer-ogg: 62fdf1f143b41e24485cea50d1cbac27 -> 
  custom:video-encoder-webm-vp8: eb34c28f22e8b96e1ab97ce403110664 -> 
  custom:video-decoder-webm-vp8: 9c59270c3fd7afecdb556c50c9e8de78 -> 
  custom:audio-decoder-ogg-vorbis: bf7c407c2cedff20999df2af8eb42d56 -> 
  custom:audio-encoder-webm-vorbis: bf7c407c2cedff20999df2af8eb42d56 -> 
========================================================================
Received Import Request.
  Time since last request: 56.518744 seconds.
  path: Assets/Scripts/froghit.cs
  artifactKey: Guid(a1921a0723bfeb04f891c964279e579a) Importer(815301076,1909f56bfc062723c751e8b465ee728b)
Start importing Assets/Scripts/froghit.cs using Guid(a1921a0723bfeb04f891c964279e579a) Importer(815301076,1909f56bfc062723c751e8b465ee728b)  -> (artifact id: 'aa9337d7ef7fc233f77e8c76b42aa675') in 0.014935 seconds 
  Import took 0.030333 seconds .

========================================================================
Received Prepare
Registering precompiled user dll's ...
Registered in 0.017858 seconds.
Begin MonoManager ReloadAssembly
Native extension for WindowsStandalone target not found
Native extension for WebGL target not found
Refreshing native plugins compatible for Editor in 1.09 ms, found 2 plugins.
Preloading 0 native plugins for Editor in 0.00 ms.
Mono: successfully reloaded assembly
- Completed reload, in  3.454 seconds
Domain Reload Profiling:
	ReloadAssembly (3455ms)
		BeginReloadAssembly (362ms)
			ExecutionOrderSort (0ms)
			DisableScriptedObjects (14ms)
			BackupInstance (0ms)
			ReleaseScriptingObjects (0ms)
			CreateAndSetChildDomain (164ms)
		EndReloadAssembly (2908ms)
			LoadAssemblies (219ms)
			RebuildTransferFunctionScriptingTraits (0ms)
			SetupTypeCache (644ms)
			ReleaseScriptCaches (1ms)
			RebuildScriptCaches (145ms)
			SetupLoadedEditorAssemblies (1608ms)
				LogAssemblyErrors (0ms)
				InitializePlatformSupportModulesInManaged (31ms)
				SetLoadedEditorAssemblies (2ms)
				RefreshPlugins (1ms)
				BeforeProcessingInitializeOnLoad (290ms)
				ProcessInitializeOnLoadAttributes (1218ms)
				ProcessInitializeOnLoadMethodAttributes (19ms)
				AfterProcessingInitializeOnLoad (47ms)
				EditorAssembliesLoaded (1ms)
			ExecutionOrderSort2 (0ms)
			AwakeInstancesAfterBackupRestoration (21ms)
Platform modules already initialized, skipping
Refreshing native plugins compatible for Editor in 0.50 ms, found 2 plugins.
Preloading 0 native plugins for Editor in 0.00 ms.
Unloading 1400 Unused Serialized files (Serialized files now loaded: 0)
System memory in use before: 68.8 MB.
System memory in use after: 69.0 MB.

Unloading 13 unused Assets to reduce memory usage. Loaded Objects now: 1899.
Total: 4.008500 ms (FindLiveObjects: 0.195500 ms CreateObjectMapping: 0.057800 ms MarkObjects: 3.734200 ms  DeleteObjects: 0.019000 ms)

AssetImportParameters requested are different than current active one (requested -> active):
  custom:framework-win-MediaFoundation: 216162199b28c13a410421893ffa2e32 -> 
  custom:video-decoder-ogg-theora: a1e56fd34408186e4bbccfd4996cb3dc -> 
  custom:container-muxer-webm: aa71ff27fc2769a1b78a27578f13a17b -> 
  custom:container-demuxer-webm: 4f35f7cbe854078d1ac9338744f61a02 -> 
  custom:container-demuxer-ogg: 62fdf1f143b41e24485cea50d1cbac27 -> 
  custom:video-encoder-webm-vp8: eb34c28f22e8b96e1ab97ce403110664 -> 
  custom:video-decoder-webm-vp8: 9c59270c3fd7afecdb556c50c9e8de78 -> 
  custom:audio-decoder-ogg-vorbis: bf7c407c2cedff20999df2af8eb42d56 -> 
  custom:audio-encoder-webm-vorbis: bf7c407c2cedff20999df2af8eb42d56 -> 
========================================================================
Received Import Request.
  Time since last request: 187.415244 seconds.
  path: Assets/Animation
  artifactKey: Guid(6ac542b4d15afb941ac988c0f7b310b9) Importer(815301076,1909f56bfc062723c751e8b465ee728b)
Start importing Assets/Animation using Guid(6ac542b4d15afb941ac988c0f7b310b9) Importer(815301076,1909f56bfc062723c751e8b465ee728b)  -> (artifact id: 'b780061b7799bcb8596b329f351a52f8') in 0.009332 seconds 
  Import took 0.013543 seconds .

========================================================================
Received Import Request.
  Time since last request: 16.505778 seconds.
  path: Assets/Animation/car animation.anim
  artifactKey: Guid(d214e1dd4ff04b4458fe05d2d2ae3fb0) Importer(815301076,1909f56bfc062723c751e8b465ee728b)
Start importing Assets/Animation/car animation.anim using Guid(d214e1dd4ff04b4458fe05d2d2ae3fb0) Importer(815301076,1909f56bfc062723c751e8b465ee728b)  -> (artifact id: '673e0da168f92fb2164c7eaa7386feea') in 0.031806 seconds 
  Import took 0.036219 seconds .

========================================================================
Received Import Request.
  Time since last request: 0.155829 seconds.
  path: Assets/Animation/New Animation.anim
  artifactKey: Guid(ccb45730a985ac146adf9525673418c6) Importer(815301076,1909f56bfc062723c751e8b465ee728b)
Start importing Assets/Animation/New Animation.anim using Guid(ccb45730a985ac146adf9525673418c6) Importer(815301076,1909f56bfc062723c751e8b465ee728b)  -> (artifact id: '03df246d9b684fbb1cda614df97100d2') in 0.013432 seconds 
  Import took 0.018611 seconds .

========================================================================
Received Prepare
Registering precompiled user dll's ...
Registered in 0.046128 seconds.
Begin MonoManager ReloadAssembly
Native extension for WindowsStandalone target not found
Native extension for WebGL target not found
Refreshing native plugins compatible for Editor in 0.58 ms, found 2 plugins.
Preloading 0 native plugins for Editor in 0.00 ms.
Mono: successfully reloaded assembly
- Completed reload, in  3.169 seconds
Domain Reload Profiling:
	ReloadAssembly (3171ms)
		BeginReloadAssembly (581ms)
			ExecutionOrderSort (0ms)
			DisableScriptedObjects (21ms)
			BackupInstance (0ms)
			ReleaseScriptingObjects (0ms)
			CreateAndSetChildDomain (148ms)
		EndReloadAssembly (2438ms)
			LoadAssemblies (420ms)
			RebuildTransferFunctionScriptingTraits (0ms)
			SetupTypeCache (707ms)
			ReleaseScriptCaches (1ms)
			RebuildScriptCaches (79ms)
			SetupLoadedEditorAssemblies (1211ms)
				LogAssemblyErrors (0ms)
				InitializePlatformSupportModulesInManaged (14ms)
				SetLoadedEditorAssemblies (1ms)
				RefreshPlugins (1ms)
				BeforeProcessingInitializeOnLoad (339ms)
				ProcessInitializeOnLoadAttributes (831ms)
				ProcessInitializeOnLoadMethodAttributes (7ms)
				AfterProcessingInitializeOnLoad (18ms)
				EditorAssembliesLoaded (1ms)
			ExecutionOrderSort2 (0ms)
			AwakeInstancesAfterBackupRestoration (15ms)
Platform modules already initialized, skipping
Refreshing native plugins compatible for Editor in 1.34 ms, found 2 plugins.
Preloading 0 native plugins for Editor in 0.00 ms.
Unloading 1400 Unused Serialized files (Serialized files now loaded: 0)
System memory in use before: 68.9 MB.
System memory in use after: 69.0 MB.

Unloading 13 unused Assets to reduce memory usage. Loaded Objects now: 1901.
Total: 9.134300 ms (FindLiveObjects: 0.570700 ms CreateObjectMapping: 0.210800 ms MarkObjects: 8.297600 ms  DeleteObjects: 0.051000 ms)

AssetImportParameters requested are different than current active one (requested -> active):
  custom:framework-win-MediaFoundation: 216162199b28c13a410421893ffa2e32 -> 
  custom:video-decoder-ogg-theora: a1e56fd34408186e4bbccfd4996cb3dc -> 
  custom:container-muxer-webm: aa71ff27fc2769a1b78a27578f13a17b -> 
  custom:container-demuxer-webm: 4f35f7cbe854078d1ac9338744f61a02 -> 
  custom:container-demuxer-ogg: 62fdf1f143b41e24485cea50d1cbac27 -> 
  custom:video-encoder-webm-vp8: eb34c28f22e8b96e1ab97ce403110664 -> 
  custom:video-decoder-webm-vp8: 9c59270c3fd7afecdb556c50c9e8de78 -> 
  custom:audio-decoder-ogg-vorbis: bf7c407c2cedff20999df2af8eb42d56 -> 
  custom:audio-encoder-webm-vorbis: bf7c407c2cedff20999df2af8eb42d56 -> 
========================================================================
Received Prepare
Registering precompiled user dll's ...
Registered in 0.010888 seconds.
Begin MonoManager ReloadAssembly
Native extension for WindowsStandalone target not found
Native extension for WebGL target not found
Refreshing native plugins compatible for Editor in 0.62 ms, found 2 plugins.
Preloading 0 native plugins for Editor in 0.00 ms.
Mono: successfully reloaded assembly
- Completed reload, in  3.166 seconds
Domain Reload Profiling:
	ReloadAssembly (3167ms)
		BeginReloadAssembly (143ms)
			ExecutionOrderSort (0ms)
			DisableScriptedObjects (6ms)
			BackupInstance (0ms)
			ReleaseScriptingObjects (0ms)
			CreateAndSetChildDomain (38ms)
		EndReloadAssembly (2946ms)
			LoadAssemblies (125ms)
			RebuildTransferFunctionScriptingTraits (0ms)
			SetupTypeCache (742ms)
			ReleaseScriptCaches (1ms)
			RebuildScriptCaches (79ms)
			SetupLoadedEditorAssemblies (1550ms)
				LogAssemblyErrors (0ms)
				InitializePlatformSupportModulesInManaged (13ms)
				SetLoadedEditorAssemblies (1ms)
				RefreshPlugins (1ms)
				BeforeProcessingInitializeOnLoad (374ms)
				ProcessInitializeOnLoadAttributes (1124ms)
				ProcessInitializeOnLoadMethodAttributes (10ms)
				AfterProcessingInitializeOnLoad (27ms)
				EditorAssembliesLoaded (1ms)
			ExecutionOrderSort2 (0ms)
			AwakeInstancesAfterBackupRestoration (18ms)
Platform modules already initialized, skipping
Refreshing native plugins compatible for Editor in 0.61 ms, found 2 plugins.
Preloading 0 native plugins for Editor in 0.00 ms.
Unloading 1400 Unused Serialized files (Serialized files now loaded: 0)
System memory in use before: 68.9 MB.
System memory in use after: 69.0 MB.

Unloading 13 unused Assets to reduce memory usage. Loaded Objects now: 1903.
Total: 4.681200 ms (FindLiveObjects: 0.300700 ms CreateObjectMapping: 0.125700 ms MarkObjects: 4.231100 ms  DeleteObjects: 0.021000 ms)

AssetImportParameters requested are different than current active one (requested -> active):
  custom:framework-win-MediaFoundation: 216162199b28c13a410421893ffa2e32 -> 
  custom:video-decoder-ogg-theora: a1e56fd34408186e4bbccfd4996cb3dc -> 
  custom:container-muxer-webm: aa71ff27fc2769a1b78a27578f13a17b -> 
  custom:container-demuxer-webm: 4f35f7cbe854078d1ac9338744f61a02 -> 
  custom:container-demuxer-ogg: 62fdf1f143b41e24485cea50d1cbac27 -> 
  custom:video-encoder-webm-vp8: eb34c28f22e8b96e1ab97ce403110664 -> 
  custom:video-decoder-webm-vp8: 9c59270c3fd7afecdb556c50c9e8de78 -> 
  custom:audio-decoder-ogg-vorbis: bf7c407c2cedff20999df2af8eb42d56 -> 
  custom:audio-encoder-webm-vorbis: bf7c407c2cedff20999df2af8eb42d56 -> 
========================================================================
Received Import Request.
  Time since last request: 239.681617 seconds.
  path: Assets/Scripts/froghit.cs
  artifactKey: Guid(a1921a0723bfeb04f891c964279e579a) Importer(815301076,1909f56bfc062723c751e8b465ee728b)
Start importing Assets/Scripts/froghit.cs using Guid(a1921a0723bfeb04f891c964279e579a) Importer(815301076,1909f56bfc062723c751e8b465ee728b)  -> (artifact id: '94b66084251b8973e5297add161768bc') in 0.008337 seconds 
  Import took 0.011699 seconds .

========================================================================
Received Import Request.
  Time since last request: 77.101130 seconds.
  path: Assets/Animation/car animation.anim
  artifactKey: Guid(d214e1dd4ff04b4458fe05d2d2ae3fb0) Importer(815301076,1909f56bfc062723c751e8b465ee728b)
Start importing Assets/Animation/car animation.anim using Guid(d214e1dd4ff04b4458fe05d2d2ae3fb0) Importer(815301076,1909f56bfc062723c751e8b465ee728b)  -> (artifact id: 'c8925cce0fa9cbfcb7244bb8606317b0') in 0.018371 seconds 
  Import took 0.022263 seconds .

========================================================================
Received Prepare
Registering precompiled user dll's ...
Registered in 0.015704 seconds.
Begin MonoManager ReloadAssembly
Native extension for WindowsStandalone target not found
Native extension for WebGL target not found
Refreshing native plugins compatible for Editor in 0.52 ms, found 2 plugins.
Preloading 0 native plugins for Editor in 0.00 ms.
Mono: successfully reloaded assembly
- Completed reload, in  3.085 seconds
Domain Reload Profiling:
	ReloadAssembly (3086ms)
		BeginReloadAssembly (296ms)
			ExecutionOrderSort (0ms)
			DisableScriptedObjects (10ms)
			BackupInstance (0ms)
			ReleaseScriptingObjects (0ms)
			CreateAndSetChildDomain (58ms)
		EndReloadAssembly (2635ms)
			LoadAssemblies (351ms)
			RebuildTransferFunctionScriptingTraits (0ms)
			SetupTypeCache (893ms)
			ReleaseScriptCaches (1ms)
			RebuildScriptCaches (84ms)
			SetupLoadedEditorAssemblies (1053ms)
				LogAssemblyErrors (0ms)
				InitializePlatformSupportModulesInManaged (13ms)
				SetLoadedEditorAssemblies (1ms)
				RefreshPlugins (1ms)
				BeforeProcessingInitializeOnLoad (216ms)
				ProcessInitializeOnLoadAttributes (808ms)
				ProcessInitializeOnLoadMethodAttributes (5ms)
				AfterProcessingInitializeOnLoad (10ms)
				EditorAssembliesLoaded (0ms)
			ExecutionOrderSort2 (0ms)
			AwakeInstancesAfterBackupRestoration (13ms)
Platform modules already initialized, skipping
Refreshing native plugins compatible for Editor in 0.74 ms, found 2 plugins.
Preloading 0 native plugins for Editor in 0.00 ms.
Unloading 1400 Unused Serialized files (Serialized files now loaded: 0)
System memory in use before: 68.9 MB.
System memory in use after: 69.0 MB.

Unloading 13 unused Assets to reduce memory usage. Loaded Objects now: 1905.
Total: 4.342700 ms (FindLiveObjects: 0.302100 ms CreateObjectMapping: 0.093600 ms MarkObjects: 3.901300 ms  DeleteObjects: 0.042900 ms)

AssetImportParameters requested are different than current active one (requested -> active):
  custom:framework-win-MediaFoundation: 216162199b28c13a410421893ffa2e32 -> 
  custom:video-decoder-ogg-theora: a1e56fd34408186e4bbccfd4996cb3dc -> 
  custom:container-muxer-webm: aa71ff27fc2769a1b78a27578f13a17b -> 
  custom:container-demuxer-webm: 4f35f7cbe854078d1ac9338744f61a02 -> 
  custom:container-demuxer-ogg: 62fdf1f143b41e24485cea50d1cbac27 -> 
  custom:video-encoder-webm-vp8: eb34c28f22e8b96e1ab97ce403110664 -> 
  custom:video-decoder-webm-vp8: 9c59270c3fd7afecdb556c50c9e8de78 -> 
  custom:audio-decoder-ogg-vorbis: bf7c407c2cedff20999df2af8eb42d56 -> 
  custom:audio-encoder-webm-vorbis: bf7c407c2cedff20999df2af8eb42d56 -> 
========================================================================
Received Prepare
Registering precompiled user dll's ...
Registered in 0.019704 seconds.
Begin MonoManager ReloadAssembly
Native extension for WindowsStandalone target not found
Native extension for WebGL target not found
Refreshing native plugins compatible for Editor in 0.63 ms, found 2 plugins.
Preloading 0 native plugins for Editor in 0.00 ms.
Mono: successfully reloaded assembly
- Completed reload, in  3.062 seconds
Domain Reload Profiling:
	ReloadAssembly (3063ms)
		BeginReloadAssembly (240ms)
			ExecutionOrderSort (0ms)
			DisableScriptedObjects (12ms)
			BackupInstance (0ms)
			ReleaseScriptingObjects (0ms)
			CreateAndSetChildDomain (43ms)
		EndReloadAssembly (2648ms)
			LoadAssemblies (240ms)
			RebuildTransferFunctionScriptingTraits (0ms)
			SetupTypeCache (864ms)
			ReleaseScriptCaches (1ms)
			RebuildScriptCaches (86ms)
			SetupLoadedEditorAssemblies (1255ms)
				LogAssemblyErrors (0ms)
				InitializePlatformSupportModulesInManaged (14ms)
				SetLoadedEditorAssemblies (1ms)
				RefreshPlugins (1ms)
				BeforeProcessingInitializeOnLoad (163ms)
				ProcessInitializeOnLoadAttributes (1036ms)
				ProcessInitializeOnLoadMethodAttributes (16ms)
				AfterProcessingInitializeOnLoad (24ms)
				EditorAssembliesLoaded (1ms)
			ExecutionOrderSort2 (0ms)
			AwakeInstancesAfterBackupRestoration (16ms)
Platform modules already initialized, skipping
Refreshing native plugins compatible for Editor in 0.39 ms, found 2 plugins.
Preloading 0 native plugins for Editor in 0.00 ms.
Unloading 1400 Unused Serialized files (Serialized files now loaded: 0)
System memory in use before: 68.9 MB.
System memory in use after: 69.0 MB.

Unloading 13 unused Assets to reduce memory usage. Loaded Objects now: 1907.
Total: 5.067900 ms (FindLiveObjects: 0.192300 ms CreateObjectMapping: 0.049700 ms MarkObjects: 4.804000 ms  DeleteObjects: 0.020100 ms)

AssetImportParameters requested are different than current active one (requested -> active):
  custom:framework-win-MediaFoundation: 216162199b28c13a410421893ffa2e32 -> 
  custom:video-decoder-ogg-theora: a1e56fd34408186e4bbccfd4996cb3dc -> 
  custom:container-muxer-webm: aa71ff27fc2769a1b78a27578f13a17b -> 
  custom:container-demuxer-webm: 4f35f7cbe854078d1ac9338744f61a02 -> 
  custom:container-demuxer-ogg: 62fdf1f143b41e24485cea50d1cbac27 -> 
  custom:video-encoder-webm-vp8: eb34c28f22e8b96e1ab97ce403110664 -> 
  custom:video-decoder-webm-vp8: 9c59270c3fd7afecdb556c50c9e8de78 -> 
  custom:audio-decoder-ogg-vorbis: bf7c407c2cedff20999df2af8eb42d56 -> 
  custom:audio-encoder-webm-vorbis: bf7c407c2cedff20999df2af8eb42d56 -> 
========================================================================
Received Prepare
Registering precompiled user dll's ...
Registered in 0.020777 seconds.
Begin MonoManager ReloadAssembly
Native extension for WindowsStandalone target not found
Native extension for WebGL target not found
Refreshing native plugins compatible for Editor in 0.67 ms, found 2 plugins.
Preloading 0 native plugins for Editor in 0.00 ms.
Mono: successfully reloaded assembly
- Completed reload, in  3.357 seconds
Domain Reload Profiling:
	ReloadAssembly (3359ms)
		BeginReloadAssembly (309ms)
			ExecutionOrderSort (0ms)
			DisableScriptedObjects (13ms)
			BackupInstance (0ms)
			ReleaseScriptingObjects (0ms)
			CreateAndSetChildDomain (61ms)
		EndReloadAssembly (2785ms)
			LoadAssemblies (499ms)
			RebuildTransferFunctionScriptingTraits (0ms)
			SetupTypeCache (591ms)
			ReleaseScriptCaches (1ms)
			RebuildScriptCaches (60ms)
			SetupLoadedEditorAssemblies (1539ms)
				LogAssemblyErrors (0ms)
				InitializePlatformSupportModulesInManaged (10ms)
				SetLoadedEditorAssemblies (1ms)
				RefreshPlugins (1ms)
				BeforeProcessingInitializeOnLoad (209ms)
				ProcessInitializeOnLoadAttributes (1293ms)
				ProcessInitializeOnLoadMethodAttributes (7ms)
				AfterProcessingInitializeOnLoad (18ms)
				EditorAssembliesLoaded (1ms)
			ExecutionOrderSort2 (0ms)
			AwakeInstancesAfterBackupRestoration (16ms)
Platform modules already initialized, skipping
Refreshing native plugins compatible for Editor in 1.29 ms, found 2 plugins.
Preloading 0 native plugins for Editor in 0.00 ms.
Unloading 1400 Unused Serialized files (Serialized files now loaded: 0)
System memory in use before: 68.9 MB.
System memory in use after: 69.0 MB.

Unloading 13 unused Assets to reduce memory usage. Loaded Objects now: 1909.
Total: 13.470200 ms (FindLiveObjects: 0.613400 ms CreateObjectMapping: 0.212900 ms MarkObjects: 12.530100 ms  DeleteObjects: 0.106400 ms)

AssetImportParameters requested are different than current active one (requested -> active):
  custom:framework-win-MediaFoundation: 216162199b28c13a410421893ffa2e32 -> 
  custom:video-decoder-ogg-theora: a1e56fd34408186e4bbccfd4996cb3dc -> 
  custom:container-muxer-webm: aa71ff27fc2769a1b78a27578f13a17b -> 
  custom:container-demuxer-webm: 4f35f7cbe854078d1ac9338744f61a02 -> 
  custom:container-demuxer-ogg: 62fdf1f143b41e24485cea50d1cbac27 -> 
  custom:video-encoder-webm-vp8: eb34c28f22e8b96e1ab97ce403110664 -> 
  custom:video-decoder-webm-vp8: 9c59270c3fd7afecdb556c50c9e8de78 -> 
  custom:audio-decoder-ogg-vorbis: bf7c407c2cedff20999df2af8eb42d56 -> 
  custom:audio-encoder-webm-vorbis: bf7c407c2cedff20999df2af8eb42d56 -> 
AssetImportWorkerClient::OnTransportError - code=2 error=End of file
